ERROR 2017-10-25 02:38:53,358 [XNIO-1 task-14] com.stardog.http.server.undertow.ErrorHandling:writeError(180): Unexpected error on the server
com.complexible.stardog.StardogException: Database 'test2' is not online.
	at com.complexible.stardog.StardogKernel.assertOnline(StardogKernel.java:2673) ~[stardog-5.0.4.jar:?]
	at com.complexible.stardog.StardogKernel.getConnection(StardogKernel.java:1113) ~[stardog-5.0.4.jar:?]
	at com.complexible.stardog.protocols.http.server.KernelHttpService.openConnection(KernelHttpService.java:101) ~[stardog-protocols-http-server-5.0.4.jar:?]
	at com.complexible.stardog.protocols.http.server.KernelHttpService.openConnection(KernelHttpService.java:93) ~[stardog-protocols-http-server-5.0.4.jar:?]
	at com.complexible.stardog.protocols.http.annex.QueryPanelService.executeQuery(QueryPanelService.java:131) ~[stardog-webconsole-annex-5.0.4.jar:?]
	at com.complexible.stardog.protocols.http.annex.QueryPanelService.post(QueryPanelService.java:120) ~[stardog-webconsole-annex-5.0.4.jar:?]
	at com.stardog.http.server.undertow.jaxrs.ExtractRoutes.lambda$handleIt$5(ExtractRoutes.java:186) ~[stardog-protocols-http-server-5.0.4.jar:?]
	at org.apache.shiro.subject.support.SubjectRunnable.doRun(SubjectRunnable.java:120) ~[shiro-core-1.2.3.jar:1.2.3]
	at org.apache.shiro.subject.support.SubjectRunnable.run(SubjectRunnable.java:108) ~[shiro-core-1.2.3.jar:1.2.3]
	at com.stardog.http.server.undertow.ErrorHandling.lambda$safeDispatch$1(ErrorHandling.java:71) ~[stardog-protocols-http-server-5.0.4.jar:?]
	at java.util.concurrent.ThreadPoolExecutor.runWorker(ThreadPoolExecutor.java:1142) [?:1.8.0_131]
	at java.util.concurrent.ThreadPoolExecutor$Worker.run(ThreadPoolExecutor.java:617) [?:1.8.0_131]
	at java.lang.Thread.run(Thread.java:748) [?:1.8.0_131]
WARN  2017-10-25 02:39:58,785 [XNIO-1 task-26] com.clarkparsia.blackout.ProfileFilterBase:apply(39): Not a valid SL axiom: SubClassOf(manufacturingOntologyLanguage:Product,cardinality(manufacturingOntologyLanguage:product_name,1,rdfs:Literal)) 
WARN  2017-10-25 02:39:58,789 [XNIO-1 task-26] com.clarkparsia.blackout.ProfileFilterBase:apply(39): Not a valid SL axiom: SubClassOf(manufacturingOntologyLanguage:Process,cardinality(manufacturingOntologyLanguage:hasProcessEnd,1,manufacturingOntologyLanguage:ProcessEnd)) 
WARN  2017-10-25 02:39:58,789 [XNIO-1 task-26] com.clarkparsia.blackout.ProfileFilterBase:apply(39): Not a valid SL axiom: SubClassOf(manufacturingOntologyLanguage:Process,cardinality(manufacturingOntologyLanguage:hasProcessStart,1,manufacturingOntologyLanguage:ProcessStart)) 
WARN  2017-10-25 02:39:58,789 [XNIO-1 task-26] com.clarkparsia.blackout.ProfileFilterBase:apply(39): Not a valid SL axiom: SubClassOf(manufacturingOntologyLanguage:Process,cardinality(manufacturingOntologyLanguage:hasProcessStatus,1,manufacturingOntologyLanguage:ActivityStatus)) 
WARN  2017-10-25 02:39:58,790 [XNIO-1 task-26] com.clarkparsia.blackout.ProfileFilterBase:apply(39): Not a valid SL axiom: SubClassOf(manufacturingOntologyLanguage:ProcessStep,cardinality(manufacturingOntologyLanguage:hasProcessStepStatus,1,manufacturingOntologyLanguage:ActivityStatus)) 
WARN  2017-10-25 02:39:58,791 [XNIO-1 task-26] com.clarkparsia.blackout.ProfileFilterBase:apply(39): Not a valid SL axiom: SubClassOf(manufacturingOntologyLanguage:FunctionalTask,cardinality(manufacturingOntologyLanguage:hasFunctionalTaskStatus,1,manufacturingOntologyLanguage:ActivityStatus)) 
WARN  2017-10-25 02:39:58,799 [XNIO-1 task-26] com.clarkparsia.blackout.ProfileFilterBase:apply(39): Not a valid SL axiom: SubClassOf(manufacturingOntologyLanguage:Order,cardinality(manufacturingOntologyLanguage:orderNr,1,rdfs:Literal)) 
WARN  2017-10-25 02:39:58,800 [XNIO-1 task-26] com.clarkparsia.blackout.ProfileFilterBase:apply(39): Not a valid SL axiom: SubClassOf(manufacturingOntologyLanguage:OrderList,cardinality(manufacturingOntologyLanguage:orderProduct,1,manufacturingOntologyLanguage:Product)) 
WARN  2017-10-25 02:39:58,800 [XNIO-1 task-26] com.clarkparsia.blackout.ProfileFilterBase:apply(39): Not a valid SL axiom: SubClassOf(manufacturingOntologyLanguage:OrderList,cardinality(manufacturingOntologyLanguage:orderQuantity,1,rdfs:Literal)) 
WARN  2017-10-25 02:39:58,803 [XNIO-1 task-26] com.clarkparsia.blackout.ProfileFilterBase:apply(39): Not a valid SL axiom: SubClassOf(manufacturingOntologyLanguage:Assembly,min(org:hasMember,1,manufacturingOntologyLanguage:AssemblyManager)) 
WARN  2017-10-25 02:39:58,804 [XNIO-1 task-26] com.clarkparsia.blackout.ProfileFilterBase:apply(39): Not a valid SL axiom: SubClassOf(manufacturingOntologyLanguage:Production,min(org:hasMember,1,manufacturingOntologyLanguage:ProductionManager)) 
WARN  2017-10-25 02:39:58,805 [XNIO-1 task-26] com.clarkparsia.blackout.ProfileFilterBase:apply(39): Not a valid SL axiom: SubClassOf(manufacturingOntologyLanguage:ShopFloor,min(org:hasMember,1,manufacturingOntologyLanguage:ShopFloorManager)) 
WARN  2017-10-25 02:39:58,810 [XNIO-1 task-26] com.clarkparsia.blackout.ProfileFilterBase:apply(39): Not a valid SL axiom: SubClassOf(manufacturingOntologyLanguage:Foreman,cardinality(manufacturingOntologyLanguage:foreman_available,1,xsd:boolean)) 
WARN  2017-10-25 02:39:58,812 [XNIO-1 task-26] com.clarkparsia.blackout.ProfileFilterBase:apply(39): Not a valid SL axiom: SubClassOf(manufacturingOntologyLanguage:Materialdisposition,min(org:hasMember,1,manufacturingOntologyLanguage:MaterialdispositionManager)) 
WARN  2017-10-25 02:39:58,812 [XNIO-1 task-26] com.clarkparsia.blackout.ProfileFilterBase:apply(39): Not a valid SL axiom: SubClassOf(manufacturingOntologyLanguage:Worker,cardinality(manufacturingOntologyLanguage:worker_available,1,xsd:boolean)) 
WARN  2017-10-25 02:39:58,813 [XNIO-1 task-26] com.clarkparsia.blackout.ProfileFilterBase:apply(39): Not a valid SL axiom: SubClassOf(manufacturingOntologyLanguage:QualityControl,min(org:hasMember,1,manufacturingOntologyLanguage:QualityControlManager)) 
WARN  2017-10-25 02:39:58,813 [XNIO-1 task-26] com.clarkparsia.blackout.ProfileFilterBase:apply(39): Not a valid SL axiom: SubClassOf(manufacturingOntologyLanguage:Sales,min(org:hasMember,1,manufacturingOntologyLanguage:SalesManager)) 
WARN  2017-10-25 02:39:58,819 [XNIO-1 task-26] com.clarkparsia.blackout.ProfileFilterBase:apply(39): Not a valid SL axiom: SubPropertyOf(manufacturingOntologyLanguage:buildBy,owl:topObjectProperty) 
WARN  2017-10-25 02:39:58,820 [XNIO-1 task-26] com.clarkparsia.blackout.ProfileFilterBase:apply(39): Not a valid SL axiom: SubPropertyOf(manufacturingOntologyLanguage:hasFunctionalTask,owl:topObjectProperty) 
WARN  2017-10-25 02:39:58,820 [XNIO-1 task-26] com.clarkparsia.blackout.ProfileFilterBase:apply(39): Not a valid SL axiom: SubPropertyOf(manufacturingOntologyLanguage:isFunctionalTaskOf,owl:topObjectProperty) 
WARN  2017-10-25 02:39:58,820 [XNIO-1 task-26] com.clarkparsia.blackout.ProfileFilterBase:apply(39): Not a valid SL axiom: SubPropertyOf(manufacturingOntologyLanguage:hasFunctionalTaskInput,owl:topObjectProperty) 
WARN  2017-10-25 02:39:58,820 [XNIO-1 task-26] com.clarkparsia.blackout.ProfileFilterBase:apply(39): Not a valid SL axiom: SubPropertyOf(manufacturingOntologyLanguage:isMaterialOf,owl:topObjectProperty) 
WARN  2017-10-25 02:39:58,821 [XNIO-1 task-26] com.clarkparsia.blackout.ProfileFilterBase:apply(39): Not a valid SL axiom: SubPropertyOf(manufacturingOntologyLanguage:hasFunctionalTaskOutput,owl:topObjectProperty) 
WARN  2017-10-25 02:39:58,821 [XNIO-1 task-26] com.clarkparsia.blackout.ProfileFilterBase:apply(39): Not a valid SL axiom: SubPropertyOf(manufacturingOntologyLanguage:hasFunctionalTaskOwner,owl:topObjectProperty) 
WARN  2017-10-25 02:39:58,821 [XNIO-1 task-26] com.clarkparsia.blackout.ProfileFilterBase:apply(39): Not a valid SL axiom: SubPropertyOf(manufacturingOntologyLanguage:ownsFunctionalTask,owl:topObjectProperty) 
WARN  2017-10-25 02:39:58,822 [XNIO-1 task-26] com.clarkparsia.blackout.ProfileFilterBase:apply(39): Not a valid SL axiom: SubPropertyOf(manufacturingOntologyLanguage:hasFunctionalTaskStatus,owl:topObjectProperty) 
WARN  2017-10-25 02:39:58,822 [XNIO-1 task-26] com.clarkparsia.blackout.ProfileFilterBase:apply(39): Not a valid SL axiom: SubPropertyOf(manufacturingOntologyLanguage:hasNextStep,owl:topObjectProperty) 
WARN  2017-10-25 02:39:58,822 [XNIO-1 task-26] com.clarkparsia.blackout.ProfileFilterBase:apply(39): Not a valid SL axiom: SubPropertyOf(manufacturingOntologyLanguage:hasPrevStep,owl:topObjectProperty) 
WARN  2017-10-25 02:39:58,822 [XNIO-1 task-26] com.clarkparsia.blackout.ProfileFilterBase:apply(39): Not a valid SL axiom: SubPropertyOf(manufacturingOntologyLanguage:hasProcessStep,owl:topObjectProperty) 
WARN  2017-10-25 02:39:58,823 [XNIO-1 task-26] com.clarkparsia.blackout.ProfileFilterBase:apply(39): Not a valid SL axiom: SubPropertyOf(manufacturingOntologyLanguage:hasProcessOwner,owl:topObjectProperty) 
WARN  2017-10-25 02:39:58,823 [XNIO-1 task-26] com.clarkparsia.blackout.ProfileFilterBase:apply(39): Not a valid SL axiom: SubPropertyOf(manufacturingOntologyLanguage:ownsProcess,owl:topObjectProperty) 
WARN  2017-10-25 02:39:58,823 [XNIO-1 task-26] com.clarkparsia.blackout.ProfileFilterBase:apply(39): Not a valid SL axiom: SubPropertyOf(manufacturingOntologyLanguage:isProcessStepOf,owl:topObjectProperty) 
WARN  2017-10-25 02:39:58,823 [XNIO-1 task-26] com.clarkparsia.blackout.ProfileFilterBase:apply(39): Not a valid SL axiom: SubPropertyOf(manufacturingOntologyLanguage:hasProcessStepOwner,owl:topObjectProperty) 
WARN  2017-10-25 02:39:58,824 [XNIO-1 task-26] com.clarkparsia.blackout.ProfileFilterBase:apply(39): Not a valid SL axiom: SubPropertyOf(manufacturingOntologyLanguage:ownsProcessStep,owl:topObjectProperty) 
WARN  2017-10-25 02:39:58,824 [XNIO-1 task-26] com.clarkparsia.blackout.ProfileFilterBase:apply(39): Not a valid SL axiom: SubPropertyOf(manufacturingOntologyLanguage:needsMaterial,owl:topObjectProperty) 
WARN  2017-10-25 02:39:58,824 [XNIO-1 task-26] com.clarkparsia.blackout.ProfileFilterBase:apply(39): Not a valid SL axiom: SubPropertyOf(manufacturingOntologyLanguage:orderList,owl:topObjectProperty) 
WARN  2017-10-25 02:39:58,824 [XNIO-1 task-26] com.clarkparsia.blackout.ProfileFilterBase:apply(39): Not a valid SL axiom: SubPropertyOf(manufacturingOntologyLanguage:orderProduct,owl:topObjectProperty) 
WARN  2017-10-25 02:39:58,825 [XNIO-1 task-26] com.clarkparsia.blackout.ProfileFilterBase:apply(39): Not a valid SL axiom: SubPropertyOf(manufacturingOntologyLanguage:owns,owl:topObjectProperty) 
WARN  2017-10-25 02:39:58,826 [XNIO-1 task-26] com.clarkparsia.blackout.ProfileFilterBase:apply(39): Not a valid SL axiom: SubPropertyOf(manufacturingOntologyLanguage:internalDataProperty,owl:topDataProperty) 
WARN  2017-10-25 02:39:58,826 [XNIO-1 task-26] com.clarkparsia.blackout.ProfileFilterBase:apply(39): Not a valid SL axiom: SubPropertyOf(manufacturingOntologyLanguage:orderListDataProperty,owl:topDataProperty) 
WARN  2017-10-25 02:39:58,826 [XNIO-1 task-26] com.clarkparsia.blackout.ProfileFilterBase:apply(39): Not a valid SL axiom: SubPropertyOf(manufacturingOntologyLanguage:productDataProperty,owl:topDataProperty) 
WARN  2017-10-25 02:39:58,827 [XNIO-1 task-26] com.clarkparsia.blackout.ProfileFilterBase:apply(39): Not a valid SL axiom: SubPropertyOf(manufacturingOntologyLanguage0:thresholdProperties,owl:topDataProperty) 
WARN  2017-10-25 02:39:58,827 [XNIO-1 task-26] com.clarkparsia.blackout.ProfileFilterBase:apply(39): Not a valid SL axiom: SubPropertyOf(manufacturingOntologyLanguage:hasProcessStatus,owl:topObjectProperty) 
WARN  2017-10-25 02:39:58,828 [XNIO-1 task-26] com.clarkparsia.blackout.ProfileFilterBase:apply(39): Not a valid SL axiom: SubPropertyOf(manufacturingOntologyLanguage:hasProcessStepStatus,owl:topObjectProperty) 
WARN  2017-10-25 02:39:58,831 [XNIO-1 task-26] com.clarkparsia.blackout.ProfileFilterBase:apply(39): Not a valid SL axiom: SubClassOf(manufacturingOntologyLanguage:CustomerOrder,cardinality(manufacturingOntologyLanguage:orderBy,1,manufacturingOntologyLanguage:Customer)) 
WARN  2017-10-25 02:39:58,832 [XNIO-1 task-26] com.clarkparsia.blackout.ProfileFilterBase:apply(39): Not a valid SL axiom: SubClassOf(cardinality(manufacturingOntologyLanguage:orderBy,1,manufacturingOntologyLanguage:Customer),manufacturingOntologyLanguage:CustomerOrder) 
WARN  2017-10-25 02:39:58,833 [XNIO-1 task-26] com.clarkparsia.blackout.ProfileFilterBase:apply(39): Not a valid SL axiom: SubClassOf(manufacturingOntologyLanguage:SupplierOrder,cardinality(manufacturingOntologyLanguage:orderBy,1,manufacturingOntologyLanguage:Supplier)) 
WARN  2017-10-25 02:39:58,833 [XNIO-1 task-26] com.clarkparsia.blackout.ProfileFilterBase:apply(39): Not a valid SL axiom: SubClassOf(cardinality(manufacturingOntologyLanguage:orderBy,1,manufacturingOntologyLanguage:Supplier),manufacturingOntologyLanguage:SupplierOrder) 
WARN  2017-10-25 02:39:58,836 [XNIO-1 task-26] com.clarkparsia.blackout.ProfileFilterBase:apply(39): Not a valid SL axiom: SubClassOf(and(manufacturingOntologyLanguage:Material, not(manufacturingOntologyLanguage:UnusableMaterial)),manufacturingOntologyLanguage:FinishedMaterial) 
WARN  2017-10-25 02:39:58,839 [XNIO-1 task-26] com.clarkparsia.blackout.ProfileFilterBase:apply(39): Not a valid SL axiom: SubClassOf(aoi:BadBoard,and(manufacturingOntologyLanguage0:Board, min(part:hasPart_directly,2,aoi:BadComponent))) 
WARN  2017-10-25 02:39:58,839 [XNIO-1 task-26] com.clarkparsia.blackout.ProfileFilterBase:apply(39): Not a valid SL axiom: SubClassOf(and(manufacturingOntologyLanguage0:Board, min(part:hasPart_directly,2,aoi:BadComponent)),aoi:BadBoard) 
WARN  2017-10-25 02:39:58,842 [XNIO-1 task-26] com.clarkparsia.blackout.ProfileFilterBase:apply(39): Not a valid SL axiom: SubClassOf(aoi:BadComponent,and(manufacturingOntologyLanguage0:Component, some(sosa:isFeatureOfInterestOf,and(sosa:Observation, some(sosa:hasSimpleResult,or(xsd:int[>"0"^^xsd:integer], xsd:int[<"0"^^xsd:integer])))))) 
WARN  2017-10-25 02:39:58,842 [XNIO-1 task-26] com.clarkparsia.blackout.ProfileFilterBase:apply(39): Not a valid SL axiom: SubClassOf(and(manufacturingOntologyLanguage0:Component, some(sosa:isFeatureOfInterestOf,and(sosa:Observation, some(sosa:hasSimpleResult,or(xsd:int[>"0"^^xsd:integer], xsd:int[<"0"^^xsd:integer]))))),aoi:BadComponent) 
WARN  2017-10-25 02:46:19,783 [XNIO-1 task-26] com.clarkparsia.blackout.Saturator:saturate(104): Saturation was interrupted. Query results might be incomplete.
